Jul 28, 2013 11:23:59 PM org.apache.solr.core.SolrResourceLoader locateSolrHome
INFO: JNDI not configured for solr (NoInitialContextEx)
Jul 28, 2013 11:24:00 PM org.apache.solr.core.SolrResourceLoader locateSolrHome
INFO: using system property solr.solr.home: /Users/alexlin/Desktop/WDI/rails_projects/language_network/solr
Jul 28, 2013 11:24:00 PM org.apache.solr.core.SolrResourceLoader <init>
INFO: Solr home set to '/Users/alexlin/Desktop/WDI/rails_projects/language_network/solr/'
Jul 28, 2013 11:24:02 PM org.apache.solr.servlet.SolrDispatchFilter init
INFO: SolrDispatchFilter.init()
Jul 28, 2013 11:24:02 PM org.apache.solr.core.SolrResourceLoader locateSolrHome
INFO: JNDI not configured for solr (NoInitialContextEx)
Jul 28, 2013 11:24:02 PM org.apache.solr.core.SolrResourceLoader locateSolrHome
INFO: using system property solr.solr.home: /Users/alexlin/Desktop/WDI/rails_projects/language_network/solr
Jul 28, 2013 11:24:02 PM org.apache.solr.core.CoreContainer$Initializer initialize
INFO: looking for solr.xml: /Users/alexlin/Desktop/WDI/rails_projects/language_network/solr/solr.xml
Jul 28, 2013 11:24:02 PM org.apache.solr.core.SolrResourceLoader locateSolrHome
INFO: JNDI not configured for solr (NoInitialContextEx)
Jul 28, 2013 11:24:02 PM org.apache.solr.core.SolrResourceLoader locateSolrHome
INFO: using system property solr.solr.home: /Users/alexlin/Desktop/WDI/rails_projects/language_network/solr
Jul 28, 2013 11:24:02 PM org.apache.solr.core.CoreContainer <init>
INFO: New CoreContainer: solrHome=/Users/alexlin/Desktop/WDI/rails_projects/language_network/solr/ instance=1699281096
Jul 28, 2013 11:24:02 PM org.apache.solr.core.SolrResourceLoader <init>
INFO: Solr home set to '/Users/alexlin/Desktop/WDI/rails_projects/language_network/solr/'
Jul 28, 2013 11:24:02 PM org.apache.solr.core.SolrResourceLoader <init>
INFO: Solr home set to '/Users/alexlin/Desktop/WDI/rails_projects/language_network/solr/./'
Jul 28, 2013 11:24:02 PM org.apache.solr.core.SolrConfig initLibs
INFO: Adding specified lib dirs to ClassLoader
Jul 28, 2013 11:24:02 PM org.apache.solr.core.Config getLuceneVersion
WARNING: the luceneMatchVersion is not specified, defaulting to LUCENE_24 emulation. You should at some point declare and reindex to at least 3.0, because 2.4 emulation is deprecated and will be removed in 4.0. This parameter will be mandatory in 4.0.
Jul 28, 2013 11:24:02 PM org.apache.solr.core.SolrConfig <init>
INFO: Using Lucene MatchVersion: LUCENE_24
Jul 28, 2013 11:24:02 PM org.apache.solr.core.SolrConfig <init>
WARNING: Deprecated syntax found. <highlighting/> should move to <searchComponent/>
Jul 28, 2013 11:24:02 PM org.apache.solr.core.SolrConfig <init>
INFO: Loaded SolrConfig: solrconfig.xml
Jul 28, 2013 11:24:02 PM org.apache.solr.schema.IndexSchema readSchema
INFO: Reading Solr Schema
Jul 28, 2013 11:24:02 PM org.apache.solr.schema.IndexSchema readSchema
INFO: Schema name=sunspot
Jul 28, 2013 11:24:02 PM org.apache.solr.util.plugin.AbstractPluginLoader load
INFO: created string: org.apache.solr.schema.StrField
Jul 28, 2013 11:24:02 PM org.apache.solr.util.plugin.AbstractPluginLoader load
INFO: created tdouble: org.apache.solr.schema.TrieDoubleField
Jul 28, 2013 11:24:02 PM org.apache.solr.util.plugin.AbstractPluginLoader load
INFO: created rand: org.apache.solr.schema.RandomSortField
Jul 28, 2013 11:24:03 PM org.apache.solr.util.plugin.AbstractPluginLoader load
INFO: created : org.apache.solr.analysis.StandardTokenizerFactory
Jul 28, 2013 11:24:03 PM org.apache.solr.analysis.BaseTokenStreamFactory assureMatchVersion
WARNING: StandardTokenizerFactory is using deprecated LUCENE_24 emulation. You should at some point declare and reindex to at least 3.0, because 2.x emulation is deprecated and will be removed in 4.0
Jul 28, 2013 11:24:03 PM org.apache.solr.util.plugin.AbstractPluginLoader load
INFO: created : org.apache.solr.analysis.StandardFilterFactory
Jul 28, 2013 11:24:03 PM org.apache.solr.analysis.BaseTokenStreamFactory assureMatchVersion
WARNING: StandardFilterFactory is using deprecated LUCENE_24 emulation. You should at some point declare and reindex to at least 3.0, because 2.x emulation is deprecated and will be removed in 4.0
Jul 28, 2013 11:24:03 PM org.apache.solr.util.plugin.AbstractPluginLoader load
INFO: created : org.apache.solr.analysis.LowerCaseFilterFactory
Jul 28, 2013 11:24:03 PM org.apache.solr.analysis.BaseTokenStreamFactory assureMatchVersion
WARNING: LowerCaseFilterFactory is using deprecated LUCENE_24 emulation. You should at some point declare and reindex to at least 3.0, because 2.x emulation is deprecated and will be removed in 4.0
Jul 28, 2013 11:24:03 PM org.apache.solr.util.plugin.AbstractPluginLoader load
INFO: created : org.apache.solr.analysis.PorterStemFilterFactory
Jul 28, 2013 11:24:03 PM org.apache.solr.util.plugin.AbstractPluginLoader load
INFO: created text: org.apache.solr.schema.TextField
Jul 28, 2013 11:24:03 PM org.apache.solr.util.plugin.AbstractPluginLoader load
INFO: created boolean: org.apache.solr.schema.BoolField
Jul 28, 2013 11:24:03 PM org.apache.solr.util.plugin.AbstractPluginLoader load
INFO: created date: org.apache.solr.schema.DateField
Jul 28, 2013 11:24:03 PM org.apache.solr.util.plugin.AbstractPluginLoader load
INFO: created sdouble: org.apache.solr.schema.SortableDoubleField
Jul 28, 2013 11:24:03 PM org.apache.solr.util.plugin.AbstractPluginLoader load
INFO: created sfloat: org.apache.solr.schema.SortableFloatField
Jul 28, 2013 11:24:03 PM org.apache.solr.util.plugin.AbstractPluginLoader load
INFO: created sint: org.apache.solr.schema.SortableIntField
Jul 28, 2013 11:24:03 PM org.apache.solr.util.plugin.AbstractPluginLoader load
INFO: created slong: org.apache.solr.schema.SortableLongField
Jul 28, 2013 11:24:03 PM org.apache.solr.util.plugin.AbstractPluginLoader load
INFO: created tint: org.apache.solr.schema.TrieIntField
Jul 28, 2013 11:24:03 PM org.apache.solr.util.plugin.AbstractPluginLoader load
INFO: created tfloat: org.apache.solr.schema.TrieFloatField
Jul 28, 2013 11:24:03 PM org.apache.solr.util.plugin.AbstractPluginLoader load
INFO: created tdate: org.apache.solr.schema.TrieDateField
Jul 28, 2013 11:24:03 PM org.apache.solr.util.plugin.AbstractPluginLoader load
INFO: created location: org.apache.solr.schema.LatLonType
Jul 28, 2013 11:24:03 PM org.apache.solr.schema.IndexSchema readSchema
INFO: default search field is text
Jul 28, 2013 11:24:03 PM org.apache.solr.schema.IndexSchema readSchema
INFO: query parser default operator is AND
Jul 28, 2013 11:24:03 PM org.apache.solr.schema.IndexSchema readSchema
INFO: unique key field: id
Jul 28, 2013 11:24:03 PM org.apache.solr.core.SolrCore <init>
INFO: [] Opening new SolrCore at /Users/alexlin/Desktop/WDI/rails_projects/language_network/solr/./, dataDir=/Users/alexlin/Desktop/WDI/rails_projects/language_network/solr/data/development/
Jul 28, 2013 11:24:03 PM org.apache.solr.core.JmxMonitoredMap <init>
INFO: No JMX servers found, not exposing Solr information with JMX.
Jul 28, 2013 11:24:03 PM org.apache.solr.core.SolrCore initListeners
INFO: [] Added SolrEventListener for newSearcher: org.apache.solr.core.QuerySenderListener{queries=[]}
Jul 28, 2013 11:24:03 PM org.apache.solr.core.SolrCore initListeners
INFO: [] Added SolrEventListener for firstSearcher: org.apache.solr.core.QuerySenderListener{queries=[{q=solr rocks,start=0,rows=10}, {q=static firstSearcher warming query from solrconfig.xml}]}
Jul 28, 2013 11:24:03 PM org.apache.solr.core.SolrCore initIndex
WARNING: [] Solr index directory '/Users/alexlin/Desktop/WDI/rails_projects/language_network/solr/data/development/index' doesn't exist. Creating new index...
Jul 28, 2013 11:24:03 PM org.apache.solr.core.SolrDeletionPolicy onCommit
INFO: SolrDeletionPolicy.onCommit: commits:num=1
	commit{dir=/Users/alexlin/Desktop/WDI/rails_projects/language_network/solr/data/development/index,segFN=segments_1,version=1375079043396,generation=1,filenames=[segments_1]
Jul 28, 2013 11:24:03 PM org.apache.solr.core.SolrDeletionPolicy updateCommits
INFO: newest commit = 1375079043396
Jul 28, 2013 11:24:03 PM org.apache.solr.request.XSLTResponseWriter <init>
WARNING: org.apache.solr.request.XSLTResponseWriter is deprecated. Please use the corresponding class in org.apache.solr.response
Jul 28, 2013 11:24:03 PM org.apache.solr.response.XSLTResponseWriter init
INFO: xsltCacheLifetimeSeconds=5
Jul 28, 2013 11:24:03 PM org.apache.solr.core.RequestHandlers initHandlersFromConfig
INFO: created standard: solr.SearchHandler
Jul 28, 2013 11:24:03 PM org.apache.solr.core.RequestHandlers initHandlersFromConfig
INFO: created dismax: solr.SearchHandler
Jul 28, 2013 11:24:03 PM org.apache.solr.core.RequestHandlers initHandlersFromConfig
INFO: created partitioned: solr.SearchHandler
Jul 28, 2013 11:24:03 PM org.apache.solr.core.RequestHandlers initHandlersFromConfig
INFO: created /spell: solr.SearchHandler
Jul 28, 2013 11:24:03 PM org.apache.solr.core.RequestHandlers initHandlersFromConfig
INFO: created tvrh: org.apache.solr.handler.component.SearchHandler
Jul 28, 2013 11:24:03 PM org.apache.solr.core.RequestHandlers initHandlersFromConfig
INFO: adding lazy requestHandler: org.apache.solr.handler.extraction.ExtractingRequestHandler
Jul 28, 2013 11:24:03 PM org.apache.solr.core.RequestHandlers initHandlersFromConfig
INFO: created /update/extract: org.apache.solr.handler.extraction.ExtractingRequestHandler
Jul 28, 2013 11:24:03 PM org.apache.solr.core.RequestHandlers initHandlersFromConfig
INFO: created /terms: org.apache.solr.handler.component.SearchHandler
Jul 28, 2013 11:24:03 PM org.apache.solr.core.RequestHandlers initHandlersFromConfig
INFO: adding lazy requestHandler: solr.SearchHandler
Jul 28, 2013 11:24:03 PM org.apache.solr.core.RequestHandlers initHandlersFromConfig
INFO: created /elevate: solr.SearchHandler
Jul 28, 2013 11:24:03 PM org.apache.solr.core.RequestHandlers initHandlersFromConfig
INFO: created /update: solr.XmlUpdateRequestHandler
Jul 28, 2013 11:24:03 PM org.apache.solr.core.RequestHandlers initHandlersFromConfig
INFO: created /update/javabin: solr.BinaryUpdateRequestHandler
Jul 28, 2013 11:24:03 PM org.apache.solr.core.RequestHandlers initHandlersFromConfig
INFO: created /analysis/document: solr.DocumentAnalysisRequestHandler
Jul 28, 2013 11:24:03 PM org.apache.solr.core.RequestHandlers initHandlersFromConfig
INFO: created /analysis/field: solr.FieldAnalysisRequestHandler
Jul 28, 2013 11:24:03 PM org.apache.solr.core.RequestHandlers initHandlersFromConfig
INFO: adding lazy requestHandler: solr.CSVRequestHandler
Jul 28, 2013 11:24:03 PM org.apache.solr.core.RequestHandlers initHandlersFromConfig
INFO: created /update/csv: solr.CSVRequestHandler
Jul 28, 2013 11:24:03 PM org.apache.solr.core.RequestHandlers initHandlersFromConfig
INFO: created /admin/: org.apache.solr.handler.admin.AdminHandlers
Jul 28, 2013 11:24:03 PM org.apache.solr.core.RequestHandlers initHandlersFromConfig
INFO: created /admin/ping: PingRequestHandler
Jul 28, 2013 11:24:03 PM org.apache.solr.core.RequestHandlers initHandlersFromConfig
INFO: created /debug/dump: solr.DumpRequestHandler
Jul 28, 2013 11:24:03 PM org.apache.solr.core.RequestHandlers initHandlersFromConfig
INFO: created /mlt: solr.MoreLikeThisHandler
Jul 28, 2013 11:24:03 PM org.apache.solr.search.SolrIndexSearcher <init>
INFO: Opening Searcher@1bd7b222 main
Jul 28, 2013 11:24:03 PM org.apache.solr.update.CommitTracker <init>
INFO: commitTracker AutoCommit: disabled
Jul 28, 2013 11:24:03 PM org.apache.solr.handler.component.SpellCheckComponent inform
INFO: Initializing spell checkers
Jul 28, 2013 11:24:04 PM org.apache.solr.handler.component.SpellCheckComponent inform
WARNING: No queryConverter defined, using default converter
Jul 28, 2013 11:24:04 PM org.apache.solr.handler.component.QueryElevationComponent inform
INFO: Loading QueryElevation from: /Users/alexlin/Desktop/WDI/rails_projects/language_network/solr/./conf/elevate.xml
Jul 28, 2013 11:24:04 PM org.apache.solr.handler.component.SearchHandler inform
INFO: Adding  component:org.apache.solr.handler.component.QueryComponent@4523a389
Jul 28, 2013 11:24:04 PM org.apache.solr.handler.component.SearchHandler inform
INFO: Adding  component:org.apache.solr.handler.component.FacetComponent@26c59ad5
Jul 28, 2013 11:24:04 PM org.apache.solr.handler.component.SearchHandler inform
INFO: Adding  component:org.apache.solr.handler.component.MoreLikeThisComponent@773829d5
Jul 28, 2013 11:24:04 PM org.apache.solr.handler.component.SearchHandler inform
INFO: Adding  component:org.apache.solr.handler.component.HighlightComponent@8429c19
Jul 28, 2013 11:24:04 PM org.apache.solr.handler.component.SearchHandler inform
INFO: Adding  component:org.apache.solr.handler.component.StatsComponent@4d16318b
Jul 28, 2013 11:24:04 PM org.apache.solr.handler.component.SearchHandler inform
INFO: Adding  debug component:org.apache.solr.handler.component.DebugComponent@6c0ec436
Jul 28, 2013 11:24:04 PM org.apache.solr.handler.component.SearchHandler inform
INFO: Adding  component:org.apache.solr.handler.component.QueryComponent@4523a389
Jul 28, 2013 11:24:04 PM org.apache.solr.handler.component.SearchHandler inform
INFO: Adding  component:org.apache.solr.handler.component.FacetComponent@26c59ad5
Jul 28, 2013 11:24:04 PM org.apache.solr.handler.component.SearchHandler inform
INFO: Adding  component:org.apache.solr.handler.component.MoreLikeThisComponent@773829d5
Jul 28, 2013 11:24:04 PM org.apache.solr.handler.component.SearchHandler inform
INFO: Adding  component:org.apache.solr.handler.component.HighlightComponent@8429c19
Jul 28, 2013 11:24:04 PM org.apache.solr.handler.component.SearchHandler inform
INFO: Adding  component:org.apache.solr.handler.component.StatsComponent@4d16318b
Jul 28, 2013 11:24:04 PM org.apache.solr.handler.component.SearchHandler inform
INFO: Adding  debug component:org.apache.solr.handler.component.DebugComponent@6c0ec436
Jul 28, 2013 11:24:04 PM org.apache.solr.handler.component.SearchHandler inform
INFO: Adding  component:org.apache.solr.handler.component.QueryComponent@4523a389
Jul 28, 2013 11:24:04 PM org.apache.solr.handler.component.SearchHandler inform
INFO: Adding  component:org.apache.solr.handler.component.FacetComponent@26c59ad5
Jul 28, 2013 11:24:04 PM org.apache.solr.handler.component.SearchHandler inform
INFO: Adding  component:org.apache.solr.handler.component.MoreLikeThisComponent@773829d5
Jul 28, 2013 11:24:04 PM org.apache.solr.handler.component.SearchHandler inform
INFO: Adding  component:org.apache.solr.handler.component.HighlightComponent@8429c19
Jul 28, 2013 11:24:04 PM org.apache.solr.handler.component.SearchHandler inform
INFO: Adding  component:org.apache.solr.handler.component.StatsComponent@4d16318b
Jul 28, 2013 11:24:04 PM org.apache.solr.handler.component.SearchHandler inform
INFO: Adding  debug component:org.apache.solr.handler.component.DebugComponent@6c0ec436
Jul 28, 2013 11:24:04 PM org.apache.solr.handler.component.SearchHandler inform
INFO: Adding  component:org.apache.solr.handler.component.QueryComponent@4523a389
Jul 28, 2013 11:24:04 PM org.apache.solr.handler.component.SearchHandler inform
INFO: Adding  component:org.apache.solr.handler.component.FacetComponent@26c59ad5
Jul 28, 2013 11:24:04 PM org.apache.solr.handler.component.SearchHandler inform
INFO: Adding  component:org.apache.solr.handler.component.MoreLikeThisComponent@773829d5
Jul 28, 2013 11:24:04 PM org.apache.solr.handler.component.SearchHandler inform
INFO: Adding  component:org.apache.solr.handler.component.HighlightComponent@8429c19
Jul 28, 2013 11:24:04 PM org.apache.solr.handler.component.SearchHandler inform
INFO: Adding  component:org.apache.solr.handler.component.StatsComponent@4d16318b
Jul 28, 2013 11:24:04 PM org.apache.solr.handler.component.SearchHandler inform
INFO: Adding  component:org.apache.solr.handler.component.SpellCheckComponent@3d73eca6
Jul 28, 2013 11:24:04 PM org.apache.solr.handler.component.SearchHandler inform
INFO: Adding  debug component:org.apache.solr.handler.component.DebugComponent@6c0ec436
Jul 28, 2013 11:24:04 PM org.apache.solr.handler.component.SearchHandler inform
INFO: Adding  component:org.apache.solr.handler.component.QueryComponent@4523a389
Jul 28, 2013 11:24:04 PM org.apache.solr.handler.component.SearchHandler inform
INFO: Adding  component:org.apache.solr.handler.component.FacetComponent@26c59ad5
Jul 28, 2013 11:24:04 PM org.apache.solr.handler.component.SearchHandler inform
INFO: Adding  component:org.apache.solr.handler.component.MoreLikeThisComponent@773829d5
Jul 28, 2013 11:24:04 PM org.apache.solr.handler.component.SearchHandler inform
INFO: Adding  component:org.apache.solr.handler.component.HighlightComponent@8429c19
Jul 28, 2013 11:24:04 PM org.apache.solr.handler.component.SearchHandler inform
INFO: Adding  component:org.apache.solr.handler.component.StatsComponent@4d16318b
Jul 28, 2013 11:24:04 PM org.apache.solr.handler.component.SearchHandler inform
INFO: Adding  component:org.apache.solr.handler.component.TermVectorComponent@5b5a5cf
Jul 28, 2013 11:24:04 PM org.apache.solr.handler.component.SearchHandler inform
INFO: Adding  debug component:org.apache.solr.handler.component.DebugComponent@6c0ec436
Jul 28, 2013 11:24:04 PM org.apache.solr.handler.component.SearchHandler inform
INFO: Adding  component:org.apache.solr.handler.component.TermsComponent@5898bbf6
Jul 28, 2013 11:24:04 PM org.apache.solr.core.QuerySenderListener newSearcher
INFO: QuerySenderListener sending requests to Searcher@1bd7b222 main
Jul 28, 2013 11:24:04 PM org.apache.solr.core.CoreContainer register
INFO: registering core: 
Jul 28, 2013 11:24:04 PM org.apache.solr.servlet.SolrDispatchFilter init
INFO: user.dir=/Users/alexlin/.rvm/gems/ruby-1.9.3-p429/gems/sunspot_solr-2.0.0/solr
Jul 28, 2013 11:24:04 PM org.apache.solr.servlet.SolrDispatchFilter init
INFO: SolrDispatchFilter.init() done
Jul 28, 2013 11:24:04 PM org.apache.solr.core.SolrCore execute
INFO: [] webapp=null path=null params={start=0&event=firstSearcher&q=solr+rocks&rows=10} hits=0 status=0 QTime=58 
Jul 28, 2013 11:24:04 PM org.apache.solr.core.SolrCore execute
INFO: [] webapp=null path=null params={event=firstSearcher&q=static+firstSearcher+warming+query+from+solrconfig.xml} hits=0 status=0 QTime=1 
Jul 28, 2013 11:24:04 PM org.apache.solr.core.QuerySenderListener newSearcher
INFO: QuerySenderListener done.
Jul 28, 2013 11:24:04 PM org.apache.solr.handler.component.SpellCheckComponent$SpellCheckerListener newSearcher
INFO: Loading spell index for spellchecker: default
Jul 28, 2013 11:24:04 PM org.apache.solr.core.SolrCore registerSearcher
INFO: [] Registered new searcher Searcher@1bd7b222 main
Jul 28, 2013 11:24:04 PM org.apache.solr.servlet.SolrServlet init
INFO: SolrServlet.init()
Jul 28, 2013 11:24:04 PM org.apache.solr.core.SolrResourceLoader locateSolrHome
INFO: JNDI not configured for solr (NoInitialContextEx)
Jul 28, 2013 11:24:04 PM org.apache.solr.core.SolrResourceLoader locateSolrHome
INFO: using system property solr.solr.home: /Users/alexlin/Desktop/WDI/rails_projects/language_network/solr
Jul 28, 2013 11:24:04 PM org.apache.solr.servlet.SolrServlet init
INFO: SolrServlet.init() done
Jul 28, 2013 11:24:04 PM org.apache.solr.core.SolrResourceLoader locateSolrHome
INFO: JNDI not configured for solr (NoInitialContextEx)
Jul 28, 2013 11:24:04 PM org.apache.solr.core.SolrResourceLoader locateSolrHome
INFO: using system property solr.solr.home: /Users/alexlin/Desktop/WDI/rails_projects/language_network/solr
Jul 28, 2013 11:24:04 PM org.apache.solr.servlet.SolrUpdateServlet init
INFO: SolrUpdateServlet.init() done
